2020-07-15 09:55:48.334  INFO 4120 --- [main] com.DemoApplication                      : Starting DemoApplication on DESKTOP-J3PHB4V with PID 4120 (started by ABit in C:\Users\ABit\Desktop\ÁÇπÈ§êÁ≥ªÁªü)
2020-07-15 09:55:48.340  INFO 4120 --- [main] com.DemoApplication                      : No active profile set, falling back to default profiles: default
2020-07-15 09:55:50.681  INFO 4120 --- [main] .s.d.r.c.RepositoryConfigurationDelegate : Multiple Spring Data modules found, entering strict repository configuration mode!
2020-07-15 09:55:50.685  INFO 4120 --- [main] .s.d.r.c.RepositoryConfigurationDelegate : Bootstrapping Spring Data repositories in DEFAULT mode.
2020-07-15 09:55:51.250  INFO 4120 --- [main] .s.d.r.c.RepositoryConfigurationDelegate : Finished Spring Data repository scanning in 545ms. Found 0 repository interfaces.
2020-07-15 09:55:51.558  INFO 4120 --- [main] trationDelegate$BeanPostProcessorChecker : Bean 'org.springframework.transaction.annotation.ProxyTransactionManagementConfiguration' of type [org.springframework.transaction.annotation.ProxyTransactionManagementConfiguration$$EnhancerBySpringCGLIB$$15001f97] is not eligible for getting processed by all BeanPostProcessors (for example: not eligible for auto-proxying)
2020-07-15 09:55:51.845  INFO 4120 --- [main] o.s.b.w.embedded.tomcat.TomcatWebServer  : Tomcat initialized with port(s): 8765 (http)
2020-07-15 09:55:51.869  INFO 4120 --- [main] o.apache.catalina.core.StandardService   : Starting service [Tomcat]
2020-07-15 09:55:51.869  INFO 4120 --- [main] org.apache.catalina.core.StandardEngine  : Starting Servlet engine: [Apache Tomcat/9.0.16]
2020-07-15 09:55:51.876  INFO 4120 --- [main] o.a.catalina.core.AprLifecycleListener   : The APR based Apache Tomcat Native library which allows optimal performance in production environments was not found on the java.library.path: [C:\Program Files\Java\jdk1.8.0_211\bin;C:\WINDOWS\Sun\Java\bin;C:\WINDOWS\system32;C:\WINDOWS;C:\Program Files (x86)\Common Files\Oracle\Java\javapath;C:\WINDOWS\system32;C:\WINDOWS;C:\WINDOWS\System32\Wbem;C:\WINDOWS\System32\WindowsPowerShell\v1.0\;C:\WINDOWS\System32\OpenSSH\;C:\Program Files\Java\jdk1.8.0_211\bin;C:\Program Files (x86)\scala\bin;C:\flutter_windows_1.17.5-stable\flutter\bin;C:\Go\bin;C:\Users\ABit\AppData\Local\Microsoft\WindowsApps;D:\software\Microsoft VS Code\bin;C:\Users\ABit\AppData\Local\GitHubDesktop\bin;C:\Users\ABit\AppData\Local\Microsoft\WindowsApps;C:\Users\ABit\go\bin;.]
2020-07-15 09:55:51.966  INFO 4120 --- [main] o.a.c.c.C.[Tomcat].[localhost].[/]       : Initializing Spring embedded WebApplicationContext
2020-07-15 09:55:51.966  INFO 4120 --- [main] o.s.web.context.ContextLoader            : Root WebApplicationContext: initialization completed in 3588 ms
2020-07-15 09:55:52.608  INFO 4120 --- [main] o.s.s.concurrent.ThreadPoolTaskExecutor  : Initializing ExecutorService 'applicationTaskExecutor'
2020-07-15 09:55:52.701  WARN 4120 --- [main] ion$DefaultTemplateResolverConfiguration : Cannot find template location: classpath:/templates/ (please add some templates or check your Thymeleaf configuration)
2020-07-15 09:55:52.914  WARN 4120 --- [main] o.s.b.a.f.FreeMarkerAutoConfiguration    : Cannot find template location(s): [classpath:/templates/] (please add some templates, check your FreeMarker configuration, or set spring.freemarker.checkTemplateLocation=false)
2020-07-15 09:55:52.958  INFO 4120 --- [main] o.s.s.c.ThreadPoolTaskScheduler          : Initializing ExecutorService 'taskScheduler'
2020-07-15 09:55:53.024  INFO 4120 --- [main] o.s.b.w.embedded.tomcat.TomcatWebServer  : Tomcat started on port(s): 8765 (http) with context path ''
2020-07-15 09:55:53.026  INFO 4120 --- [main] com.DemoApplication                      : Started DemoApplication in 5.252 seconds (JVM running for 6.339)
2020-07-15 09:55:53.353  INFO 4120 --- [http-nio-8765-exec-1] o.a.c.c.C.[Tomcat].[localhost].[/]       : Initializing Spring DispatcherServlet 'dispatcherServlet'
2020-07-15 09:55:53.353  INFO 4120 --- [http-nio-8765-exec-1] o.s.web.servlet.DispatcherServlet        : Initializing Servlet 'dispatcherServlet'
2020-07-15 09:55:53.364  INFO 4120 --- [http-nio-8765-exec-1] o.s.web.servlet.DispatcherServlet        : Completed initialization in 11 ms
2020-07-15 09:55:53.572  INFO 4120 --- [http-nio-8765-exec-1] com.zaxxer.hikari.HikariDataSource       : HikariPool-1 - Starting...
2020-07-15 09:55:54.545  INFO 4120 --- [http-nio-8765-exec-1] com.zaxxer.hikari.HikariDataSource       : HikariPool-1 - Start completed.
2020-07-15 09:56:45.207  INFO 18700 --- [main] com.DemoApplication                      : Starting DemoApplication on DESKTOP-J3PHB4V with PID 18700 (started by ABit in C:\Users\ABit\Desktop\ÁÇπÈ§êÁ≥ªÁªü)
2020-07-15 09:56:45.210  INFO 18700 --- [main] com.DemoApplication                      : No active profile set, falling back to default profiles: default
2020-07-15 09:56:47.254  INFO 18700 --- [main] .s.d.r.c.RepositoryConfigurationDelegate : Multiple Spring Data modules found, entering strict repository configuration mode!
2020-07-15 09:56:47.255  INFO 18700 --- [main] .s.d.r.c.RepositoryConfigurationDelegate : Bootstrapping Spring Data repositories in DEFAULT mode.
2020-07-15 09:56:47.742  INFO 18700 --- [main] .s.d.r.c.RepositoryConfigurationDelegate : Finished Spring Data repository scanning in 477ms. Found 0 repository interfaces.
2020-07-15 09:56:47.991  INFO 18700 --- [main] trationDelegate$BeanPostProcessorChecker : Bean 'org.springframework.transaction.annotation.ProxyTransactionManagementConfiguration' of type [org.springframework.transaction.annotation.ProxyTransactionManagementConfiguration$$EnhancerBySpringCGLIB$$5cc768c6] is not eligible for getting processed by all BeanPostProcessors (for example: not eligible for auto-proxying)
2020-07-15 09:56:48.217  INFO 18700 --- [main] o.s.b.w.embedded.tomcat.TomcatWebServer  : Tomcat initialized with port(s): 8765 (http)
2020-07-15 09:56:48.234  INFO 18700 --- [main] o.apache.catalina.core.StandardService   : Starting service [Tomcat]
2020-07-15 09:56:48.235  INFO 18700 --- [main] org.apache.catalina.core.StandardEngine  : Starting Servlet engine: [Apache Tomcat/9.0.16]
2020-07-15 09:56:48.240  INFO 18700 --- [main] o.a.catalina.core.AprLifecycleListener   : The APR based Apache Tomcat Native library which allows optimal performance in production environments was not found on the java.library.path: [C:\Program Files\Java\jdk1.8.0_211\bin;C:\WINDOWS\Sun\Java\bin;C:\WINDOWS\system32;C:\WINDOWS;C:\Program Files (x86)\Common Files\Oracle\Java\javapath;C:\WINDOWS\system32;C:\WINDOWS;C:\WINDOWS\System32\Wbem;C:\WINDOWS\System32\WindowsPowerShell\v1.0\;C:\WINDOWS\System32\OpenSSH\;C:\Program Files\Java\jdk1.8.0_211\bin;C:\Program Files (x86)\scala\bin;C:\flutter_windows_1.17.5-stable\flutter\bin;C:\Go\bin;C:\Users\ABit\AppData\Local\Microsoft\WindowsApps;D:\software\Microsoft VS Code\bin;C:\Users\ABit\AppData\Local\GitHubDesktop\bin;C:\Users\ABit\AppData\Local\Microsoft\WindowsApps;C:\Users\ABit\go\bin;.]
2020-07-15 09:56:48.318  INFO 18700 --- [main] o.a.c.c.C.[Tomcat].[localhost].[/]       : Initializing Spring embedded WebApplicationContext
2020-07-15 09:56:48.318  INFO 18700 --- [main] o.s.web.context.ContextLoader            : Root WebApplicationContext: initialization completed in 3061 ms
2020-07-15 09:56:48.843  INFO 18700 --- [main] o.s.s.concurrent.ThreadPoolTaskExecutor  : Initializing ExecutorService 'applicationTaskExecutor'
2020-07-15 09:56:48.932  WARN 18700 --- [main] ion$DefaultTemplateResolverConfiguration : Cannot find template location: classpath:/templates/ (please add some templates or check your Thymeleaf configuration)
2020-07-15 09:56:49.117  WARN 18700 --- [main] o.s.b.a.f.FreeMarkerAutoConfiguration    : Cannot find template location(s): [classpath:/templates/] (please add some templates, check your FreeMarker configuration, or set spring.freemarker.checkTemplateLocation=false)
2020-07-15 09:56:49.158  INFO 18700 --- [main] o.s.s.c.ThreadPoolTaskScheduler          : Initializing ExecutorService 'taskScheduler'
2020-07-15 09:56:49.225  INFO 18700 --- [main] o.s.b.w.embedded.tomcat.TomcatWebServer  : Tomcat started on port(s): 8765 (http) with context path ''
2020-07-15 09:56:49.228  INFO 18700 --- [main] com.DemoApplication                      : Started DemoApplication in 4.393 seconds (JVM running for 5.259)
2020-07-15 09:56:57.737  INFO 18700 --- [http-nio-8765-exec-5] o.a.c.c.C.[Tomcat].[localhost].[/]       : Initializing Spring DispatcherServlet 'dispatcherServlet'
2020-07-15 09:56:57.738  INFO 18700 --- [http-nio-8765-exec-5] o.s.web.servlet.DispatcherServlet        : Initializing Servlet 'dispatcherServlet'
2020-07-15 09:56:57.746  INFO 18700 --- [http-nio-8765-exec-5] o.s.web.servlet.DispatcherServlet        : Completed initialization in 8 ms
2020-07-15 09:56:57.841  INFO 18700 --- [http-nio-8765-exec-5] com.zaxxer.hikari.HikariDataSource       : HikariPool-1 - Starting...
2020-07-15 09:56:58.340  INFO 18700 --- [http-nio-8765-exec-5] com.zaxxer.hikari.HikariDataSource       : HikariPool-1 - Start completed.
2020-07-15 11:34:43.193  INFO 14716 --- [main] com.user.DemoApplicationTests            : Starting DemoApplicationTests on DESKTOP-J3PHB4V with PID 14716 (started by ABit in C:\Users\ABit\Desktop\µ„≤ÕœµÕ≥)
2020-07-15 11:34:43.195  INFO 14716 --- [main] com.user.DemoApplicationTests            : No active profile set, falling back to default profiles: default
2020-07-15 11:34:45.710  INFO 14716 --- [main] .s.d.r.c.RepositoryConfigurationDelegate : Multiple Spring Data modules found, entering strict repository configuration mode!
2020-07-15 11:34:45.716  INFO 14716 --- [main] .s.d.r.c.RepositoryConfigurationDelegate : Bootstrapping Spring Data repositories in DEFAULT mode.
2020-07-15 11:34:46.692  INFO 14716 --- [main] .s.d.r.c.RepositoryConfigurationDelegate : Finished Spring Data repository scanning in 935ms. Found 0 repository interfaces.
2020-07-15 11:34:47.392  INFO 14716 --- [main] trationDelegate$BeanPostProcessorChecker : Bean 'org.springframework.transaction.annotation.ProxyTransactionManagementConfiguration' of type [org.springframework.transaction.annotation.ProxyTransactionManagementConfiguration$$EnhancerBySpringCGLIB$$ce863322] is not eligible for getting processed by all BeanPostProcessors (for example: not eligible for auto-proxying)
2020-07-15 11:34:48.826  INFO 14716 --- [main] o.s.s.concurrent.ThreadPoolTaskExecutor  : Initializing ExecutorService 'applicationTaskExecutor'
2020-07-15 11:34:49.068  WARN 14716 --- [main] ion$DefaultTemplateResolverConfiguration : Cannot find template location: classpath:/templates/ (please add some templates or check your Thymeleaf configuration)
2020-07-15 11:34:49.510  WARN 14716 --- [main] o.s.b.a.f.FreeMarkerAutoConfiguration    : Cannot find template location(s): [classpath:/templates/] (please add some templates, check your FreeMarker configuration, or set spring.freemarker.checkTemplateLocation=false)
2020-07-15 11:34:49.633  INFO 14716 --- [main] o.s.s.c.ThreadPoolTaskScheduler          : Initializing ExecutorService 'taskScheduler'
2020-07-15 11:34:49.743  INFO 14716 --- [main] com.user.DemoApplicationTests            : Started DemoApplicationTests in 6.877 seconds (JVM running for 7.602)
2020-07-15 11:34:49.994  INFO 14716 --- [Thread-2] o.s.s.c.ThreadPoolTaskScheduler          : Shutting down ExecutorService 'taskScheduler'
2020-07-15 11:34:49.996  INFO 14716 --- [Thread-2] o.s.s.concurrent.ThreadPoolTaskExecutor  : Shutting down ExecutorService 'applicationTaskExecutor'
2020-07-15 21:36:59.362  INFO 7724 --- [main] com.user.DemoApplicationTests            : Starting DemoApplicationTests on DESKTOP-J3PHB4V with PID 7724 (started by ABit in C:\Users\ABit\Desktop\µ„≤ÕœµÕ≥)
2020-07-15 21:36:59.362  INFO 7724 --- [main] com.user.DemoApplicationTests            : No active profile set, falling back to default profiles: default
2020-07-15 21:37:01.916  INFO 7724 --- [main] .s.d.r.c.RepositoryConfigurationDelegate : Multiple Spring Data modules found, entering strict repository configuration mode!
2020-07-15 21:37:01.932  INFO 7724 --- [main] .s.d.r.c.RepositoryConfigurationDelegate : Bootstrapping Spring Data repositories in DEFAULT mode.
2020-07-15 21:37:02.557  INFO 7724 --- [main] .s.d.r.c.RepositoryConfigurationDelegate : Finished Spring Data repository scanning in 610ms. Found 0 repository interfaces.
2020-07-15 21:37:03.025  INFO 7724 --- [main] trationDelegate$BeanPostProcessorChecker : Bean 'org.springframework.transaction.annotation.ProxyTransactionManagementConfiguration' of type [org.springframework.transaction.annotation.ProxyTransactionManagementConfiguration$$EnhancerBySpringCGLIB$$49284d87] is not eligible for getting processed by all BeanPostProcessors (for example: not eligible for auto-proxying)
2020-07-15 21:37:04.526  INFO 7724 --- [main] o.s.s.concurrent.ThreadPoolTaskExecutor  : Initializing ExecutorService 'applicationTaskExecutor'
2020-07-15 21:37:04.760  WARN 7724 --- [main] ion$DefaultTemplateResolverConfiguration : Cannot find template location: classpath:/templates/ (please add some templates or check your Thymeleaf configuration)
2020-07-15 21:37:05.198  WARN 7724 --- [main] o.s.b.a.f.FreeMarkerAutoConfiguration    : Cannot find template location(s): [classpath:/templates/] (please add some templates, check your FreeMarker configuration, or set spring.freemarker.checkTemplateLocation=false)
2020-07-15 21:37:05.323  INFO 7724 --- [main] o.s.s.c.ThreadPoolTaskScheduler          : Initializing ExecutorService 'taskScheduler'
2020-07-15 21:37:05.463  INFO 7724 --- [main] com.user.DemoApplicationTests            : Started DemoApplicationTests in 6.554 seconds (JVM running for 8.15)
2020-07-15 21:37:05.729  INFO 7724 --- [Thread-2] o.s.s.c.ThreadPoolTaskScheduler          : Shutting down ExecutorService 'taskScheduler'
2020-07-15 21:37:05.729  INFO 7724 --- [Thread-2] o.s.s.concurrent.ThreadPoolTaskExecutor  : Shutting down ExecutorService 'applicationTaskExecutor'
2020-07-15 21:43:21.258  INFO 16728 --- [main] com.DemoApplication                      : Starting DemoApplication on DESKTOP-J3PHB4V with PID 16728 (started by ABit in C:\Users\ABit\Desktop\ÁÇπÈ§êÁ≥ªÁªü)
2020-07-15 21:43:21.263  INFO 16728 --- [main] com.DemoApplication                      : No active profile set, falling back to default profiles: default
2020-07-15 21:43:23.773  INFO 16728 --- [main] .s.d.r.c.RepositoryConfigurationDelegate : Multiple Spring Data modules found, entering strict repository configuration mode!
2020-07-15 21:43:23.775  INFO 16728 --- [main] .s.d.r.c.RepositoryConfigurationDelegate : Bootstrapping Spring Data repositories in DEFAULT mode.
2020-07-15 21:43:24.333  INFO 16728 --- [main] .s.d.r.c.RepositoryConfigurationDelegate : Finished Spring Data repository scanning in 539ms. Found 0 repository interfaces.
2020-07-15 21:43:24.618  INFO 16728 --- [main] trationDelegate$BeanPostProcessorChecker : Bean 'org.springframework.transaction.annotation.ProxyTransactionManagementConfiguration' of type [org.springframework.transaction.annotation.ProxyTransactionManagementConfiguration$$EnhancerBySpringCGLIB$$fe331d04] is not eligible for getting processed by all BeanPostProcessors (for example: not eligible for auto-proxying)
2020-07-15 21:43:24.915  INFO 16728 --- [main] o.s.b.w.embedded.tomcat.TomcatWebServer  : Tomcat initialized with port(s): 8765 (http)
2020-07-15 21:43:24.935  INFO 16728 --- [main] o.apache.catalina.core.StandardService   : Starting service [Tomcat]
2020-07-15 21:43:24.935  INFO 16728 --- [main] org.apache.catalina.core.StandardEngine  : Starting Servlet engine: [Apache Tomcat/9.0.16]
2020-07-15 21:43:24.942  INFO 16728 --- [main] o.a.catalina.core.AprLifecycleListener   : The APR based Apache Tomcat Native library which allows optimal performance in production environments was not found on the java.library.path: [C:\Program Files\Java\jdk1.8.0_211\bin;C:\WINDOWS\Sun\Java\bin;C:\WINDOWS\system32;C:\WINDOWS;C:\Program Files (x86)\Common Files\Oracle\Java\javapath;C:\WINDOWS\system32;C:\WINDOWS;C:\WINDOWS\System32\Wbem;C:\WINDOWS\System32\WindowsPowerShell\v1.0\;C:\WINDOWS\System32\OpenSSH\;C:\Program Files\Java\jdk1.8.0_211\bin;C:\Program Files (x86)\scala\bin;C:\flutter_windows_1.17.5-stable\flutter\bin;C:\Go\bin;C:\Users\ABit\AppData\Local\Microsoft\WindowsApps;D:\software\Microsoft VS Code\bin;C:\Users\ABit\AppData\Local\GitHubDesktop\bin;C:\Users\ABit\AppData\Local\Microsoft\WindowsApps;C:\Users\ABit\go\bin;.]
2020-07-15 21:43:25.040  INFO 16728 --- [main] o.a.c.c.C.[Tomcat].[localhost].[/]       : Initializing Spring embedded WebApplicationContext
2020-07-15 21:43:25.041  INFO 16728 --- [main] o.s.web.context.ContextLoader            : Root WebApplicationContext: initialization completed in 3713 ms
2020-07-15 21:43:25.821  INFO 16728 --- [main] o.s.s.concurrent.ThreadPoolTaskExecutor  : Initializing ExecutorService 'applicationTaskExecutor'
2020-07-15 21:43:25.943  WARN 16728 --- [main] ion$DefaultTemplateResolverConfiguration : Cannot find template location: classpath:/templates/ (please add some templates or check your Thymeleaf configuration)
2020-07-15 21:43:26.235  WARN 16728 --- [main] o.s.b.a.f.FreeMarkerAutoConfiguration    : Cannot find template location(s): [classpath:/templates/] (please add some templates, check your FreeMarker configuration, or set spring.freemarker.checkTemplateLocation=false)
2020-07-15 21:43:26.298  INFO 16728 --- [main] o.s.s.c.ThreadPoolTaskScheduler          : Initializing ExecutorService 'taskScheduler'
2020-07-15 21:43:26.394  INFO 16728 --- [main] o.s.b.w.embedded.tomcat.TomcatWebServer  : Tomcat started on port(s): 8765 (http) with context path ''
2020-07-15 21:43:26.397  INFO 16728 --- [main] com.DemoApplication                      : Started DemoApplication in 5.694 seconds (JVM running for 6.861)
2020-07-15 21:43:30.495  INFO 16728 --- [http-nio-8765-exec-1] o.a.c.c.C.[Tomcat].[localhost].[/]       : Initializing Spring DispatcherServlet 'dispatcherServlet'
2020-07-15 21:43:30.495  INFO 16728 --- [http-nio-8765-exec-1] o.s.web.servlet.DispatcherServlet        : Initializing Servlet 'dispatcherServlet'
2020-07-15 21:43:30.503  INFO 16728 --- [http-nio-8765-exec-1] o.s.web.servlet.DispatcherServlet        : Completed initialization in 8 ms
2020-07-15 21:43:30.623 ERROR 16728 --- [http-nio-8765-exec-1] o.a.c.c.C.[.[.[/].[dispatcherServlet]    : Servlet.service() for servlet [dispatcherServlet] in context with path [] threw exception [Request processing failed; nested exception is java.lang.NullPointerException] with root cause

java.lang.NullPointerException: null
	at com.Form.FormController.updateMenuFood(FormController.java:306) ~[classes/:na]
	at sun.reflect.NativeMethodAccessorImpl.invoke0(Native Method) ~[na:1.8.0_211]
	at sun.reflect.NativeMethodAccessorImpl.invoke(NativeMethodAccessorImpl.java:62) ~[na:1.8.0_211]
	at sun.reflect.DelegatingMethodAccessorImpl.invoke(DelegatingMethodAccessorImpl.java:43) ~[na:1.8.0_211]
	at java.lang.reflect.Method.invoke(Method.java:498) ~[na:1.8.0_211]
	at org.springframework.web.method.support.InvocableHandlerMethod.doInvoke(InvocableHandlerMethod.java:189) ~[spring-web-5.1.5.RELEASE.jar:5.1.5.RELEASE]
	at org.springframework.web.method.support.InvocableHandlerMethod.invokeForRequest(InvocableHandlerMethod.java:138) ~[spring-web-5.1.5.RELEASE.jar:5.1.5.RELEASE]
	at org.springframework.web.servlet.mvc.method.annotation.ServletInvocableHandlerMethod.invokeAndHandle(ServletInvocableHandlerMethod.java:102) ~[spring-webmvc-5.1.5.RELEASE.jar:5.1.5.RELEASE]
	at org.springframework.web.servlet.mvc.method.annotation.RequestMappingHandlerAdapter.invokeHandlerMethod(RequestMappingHandlerAdapter.java:895) ~[spring-webmvc-5.1.5.RELEASE.jar:5.1.5.RELEASE]
	at org.springframework.web.servlet.mvc.method.annotation.RequestMappingHandlerAdapter.handleInternal(RequestMappingHandlerAdapter.java:800) ~[spring-webmvc-5.1.5.RELEASE.jar:5.1.5.RELEASE]
	at org.springframework.web.servlet.mvc.method.AbstractHandlerMethodAdapter.handle(AbstractHandlerMethodAdapter.java:87) ~[spring-webmvc-5.1.5.RELEASE.jar:5.1.5.RELEASE]
	at org.springframework.web.servlet.DispatcherServlet.doDispatch(DispatcherServlet.java:1038) ~[spring-webmvc-5.1.5.RELEASE.jar:5.1.5.RELEASE]
	at org.springframework.web.servlet.DispatcherServlet.doService(DispatcherServlet.java:942) ~[spring-webmvc-5.1.5.RELEASE.jar:5.1.5.RELEASE]
	at org.springframework.web.servlet.FrameworkServlet.processRequest(FrameworkServlet.java:1005) ~[spring-webmvc-5.1.5.RELEASE.jar:5.1.5.RELEASE]
	at org.springframework.web.servlet.FrameworkServlet.doPost(FrameworkServlet.java:908) ~[spring-webmvc-5.1.5.RELEASE.jar:5.1.5.RELEASE]
	at javax.servlet.http.HttpServlet.service(HttpServlet.java:660) ~[tomcat-embed-core-9.0.16.jar:9.0.16]
	at org.springframework.web.servlet.FrameworkServlet.service(FrameworkServlet.java:882) ~[spring-webmvc-5.1.5.RELEASE.jar:5.1.5.RELEASE]
	at javax.servlet.http.HttpServlet.service(HttpServlet.java:741) ~[tomcat-embed-core-9.0.16.jar:9.0.16]
	at org.apache.catalina.core.ApplicationFilterChain.internalDoFilter(ApplicationFilterChain.java:231) ~[tomcat-embed-core-9.0.16.jar:9.0.16]
	at org.apache.catalina.core.ApplicationFilterChain.doFilter(ApplicationFilterChain.java:166) ~[tomcat-embed-core-9.0.16.jar:9.0.16]
	at org.apache.tomcat.websocket.server.WsFilter.doFilter(WsFilter.java:53) ~[tomcat-embed-websocket-9.0.16.jar:9.0.16]
	at org.apache.catalina.core.ApplicationFilterChain.internalDoFilter(ApplicationFilterChain.java:193) ~[tomcat-embed-core-9.0.16.jar:9.0.16]
	at org.apache.catalina.core.ApplicationFilterChain.doFilter(ApplicationFilterChain.java:166) ~[tomcat-embed-core-9.0.16.jar:9.0.16]
	at org.springframework.web.filter.RequestContextFilter.doFilterInternal(RequestContextFilter.java:99) ~[spring-web-5.1.5.RELEASE.jar:5.1.5.RELEASE]
	at org.springframework.web.filter.OncePerRequestFilter.doFilter(OncePerRequestFilter.java:107) ~[spring-web-5.1.5.RELEASE.jar:5.1.5.RELEASE]
	at org.apache.catalina.core.ApplicationFilterChain.internalDoFilter(ApplicationFilterChain.java:193) ~[tomcat-embed-core-9.0.16.jar:9.0.16]
	at org.apache.catalina.core.ApplicationFilterChain.doFilter(ApplicationFilterChain.java:166) ~[tomcat-embed-core-9.0.16.jar:9.0.16]
	at org.springframework.web.filter.FormContentFilter.doFilterInternal(FormContentFilter.java:92) ~[spring-web-5.1.5.RELEASE.jar:5.1.5.RELEASE]
	at org.springframework.web.filter.OncePerRequestFilter.doFilter(OncePerRequestFilter.java:107) ~[spring-web-5.1.5.RELEASE.jar:5.1.5.RELEASE]
	at org.apache.catalina.core.ApplicationFilterChain.internalDoFilter(ApplicationFilterChain.java:193) ~[tomcat-embed-core-9.0.16.jar:9.0.16]
	at org.apache.catalina.core.ApplicationFilterChain.doFilter(ApplicationFilterChain.java:166) ~[tomcat-embed-core-9.0.16.jar:9.0.16]
	at org.springframework.web.filter.HiddenHttpMethodFilter.doFilterInternal(HiddenHttpMethodFilter.java:93) ~[spring-web-5.1.5.RELEASE.jar:5.1.5.RELEASE]
	at org.springframework.web.filter.OncePerRequestFilter.doFilter(OncePerRequestFilter.java:107) ~[spring-web-5.1.5.RELEASE.jar:5.1.5.RELEASE]
	at org.apache.catalina.core.ApplicationFilterChain.internalDoFilter(ApplicationFilterChain.java:193) ~[tomcat-embed-core-9.0.16.jar:9.0.16]
	at org.apache.catalina.core.ApplicationFilterChain.doFilter(ApplicationFilterChain.java:166) ~[tomcat-embed-core-9.0.16.jar:9.0.16]
	at org.springframework.web.filter.CharacterEncodingFilter.doFilterInternal(CharacterEncodingFilter.java:200) ~[spring-web-5.1.5.RELEASE.jar:5.1.5.RELEASE]
	at org.springframework.web.filter.OncePerRequestFilter.doFilter(OncePerRequestFilter.java:107) ~[spring-web-5.1.5.RELEASE.jar:5.1.5.RELEASE]
	at org.apache.catalina.core.ApplicationFilterChain.internalDoFilter(ApplicationFilterChain.java:193) ~[tomcat-embed-core-9.0.16.jar:9.0.16]
	at org.apache.catalina.core.ApplicationFilterChain.doFilter(ApplicationFilterChain.java:166) ~[tomcat-embed-core-9.0.16.jar:9.0.16]
	at org.apache.catalina.core.StandardWrapperValve.invoke(StandardWrapperValve.java:200) ~[tomcat-embed-core-9.0.16.jar:9.0.16]
	at org.apache.catalina.core.StandardContextValve.invoke(StandardContextValve.java:96) [tomcat-embed-core-9.0.16.jar:9.0.16]
	at org.apache.catalina.authenticator.AuthenticatorBase.invoke(AuthenticatorBase.java:490) [tomcat-embed-core-9.0.16.jar:9.0.16]
	at org.apache.catalina.core.StandardHostValve.invoke(StandardHostValve.java:139) [tomcat-embed-core-9.0.16.jar:9.0.16]
	at org.apache.catalina.valves.ErrorReportValve.invoke(ErrorReportValve.java:92) [tomcat-embed-core-9.0.16.jar:9.0.16]
	at org.apache.catalina.core.StandardEngineValve.invoke(StandardEngineValve.java:74) [tomcat-embed-core-9.0.16.jar:9.0.16]
	at org.apache.catalina.valves.AbstractAccessLogValve.invoke(AbstractAccessLogValve.java:668) [tomcat-embed-core-9.0.16.jar:9.0.16]
	at org.apache.catalina.connector.CoyoteAdapter.service(CoyoteAdapter.java:343) [tomcat-embed-core-9.0.16.jar:9.0.16]
	at org.apache.coyote.http11.Http11Processor.service(Http11Processor.java:408) [tomcat-embed-core-9.0.16.jar:9.0.16]
	at org.apache.coyote.AbstractProcessorLight.process(AbstractProcessorLight.java:66) [tomcat-embed-core-9.0.16.jar:9.0.16]
	at org.apache.coyote.AbstractProtocol$ConnectionHandler.process(AbstractProtocol.java:834) [tomcat-embed-core-9.0.16.jar:9.0.16]
	at org.apache.tomcat.util.net.NioEndpoint$SocketProcessor.doRun(NioEndpoint.java:1415) [tomcat-embed-core-9.0.16.jar:9.0.16]
	at org.apache.tomcat.util.net.SocketProcessorBase.run(SocketProcessorBase.java:49) [tomcat-embed-core-9.0.16.jar:9.0.16]
	at java.util.concurrent.ThreadPoolExecutor.runWorker(ThreadPoolExecutor.java:1149) [na:1.8.0_211]
	at java.util.concurrent.ThreadPoolExecutor$Worker.run(ThreadPoolExecutor.java:624) [na:1.8.0_211]
	at org.apache.tomcat.util.threads.TaskThread$WrappingRunnable.run(TaskThread.java:61) [tomcat-embed-core-9.0.16.jar:9.0.16]
	at java.lang.Thread.run(Thread.java:748) [na:1.8.0_211]

2020-07-15 21:43:58.456  INFO 16728 --- [http-nio-8765-exec-4] com.zaxxer.hikari.HikariDataSource       : HikariPool-1 - Starting...
2020-07-15 21:43:59.123  INFO 16728 --- [http-nio-8765-exec-4] com.zaxxer.hikari.HikariDataSource       : HikariPool-1 - Start completed.
